2024-10-27 14:59:11,084 - shield_plex_dbbackup_2_gdrive.main - INFO - Starting Shield Plex DB Backup to Google Drive...
2024-10-27 14:59:11,087 - shield_plex_dbbackup_2_gdrive.modes.copy_to_gdrive - INFO - Copying backup files to Google Drive...
2024-10-27 14:59:11,326 - shield_plex_dbbackup_2_gdrive.modes.copy_to_gdrive - INFO - Copying com.plexapp.plugins.library.db-2024-10-20 to Google Drive...
2024-10-27 14:59:11,327 - shield_plex_dbbackup_2_gdrive.modes.copy_to_gdrive - INFO - Copying com.plexapp.plugins.library.blobs.db-2024-10-20 to Google Drive...
2024-10-27 14:59:11,327 - shield_plex_dbbackup_2_gdrive.modes.copy_to_gdrive - INFO - Copying com.plexapp.plugins.library.db-2024-10-26 to Google Drive...
2024-10-27 14:59:11,327 - shield_plex_dbbackup_2_gdrive.modes.copy_to_gdrive - INFO - Copying com.plexapp.plugins.library.blobs.db-2024-10-26 to Google Drive...
2024-10-27 14:59:11,327 - shield_plex_dbbackup_2_gdrive.modes.copy_to_gdrive - INFO - Copying com.plexapp.plugins.library.db-2024-10-17 to Google Drive...
2024-10-27 14:59:11,327 - shield_plex_dbbackup_2_gdrive.modes.copy_to_gdrive - INFO - Copying com.plexapp.plugins.library.blobs.db-2024-10-17 to Google Drive...
2024-10-27 14:59:11,328 - shield_plex_dbbackup_2_gdrive.modes.copy_to_gdrive - INFO - Copying com.plexapp.plugins.library.db-2024-10-23 to Google Drive...
2024-10-27 14:59:11,328 - shield_plex_dbbackup_2_gdrive.modes.copy_to_gdrive - INFO - Copying com.plexapp.plugins.library.blobs.db-2024-10-23 to Google Drive...
2024-10-27 14:59:11,433 - googleapiclient.discovery_cache - INFO - file_cache is only supported with oauth2client<4.0.0
2024-10-27 15:13:25,075 - shield_plex_dbbackup_2_gdrive.main - INFO - Starting Shield Plex DB Backup to Google Drive...
2024-10-27 15:13:25,079 - shield_plex_dbbackup_2_gdrive.modes.copy_to_gdrive - INFO - Copying backup files to Google Drive...
2024-10-27 15:14:10,274 - shield_plex_dbbackup_2_gdrive.main - INFO - Starting Shield Plex DB Backup to Google Drive...
2024-10-27 15:14:10,277 - shield_plex_dbbackup_2_gdrive.modes.copy_to_gdrive - INFO - Copying backup files to Google Drive...
2024-10-27 15:14:10,748 - shield_plex_dbbackup_2_gdrive.modes.copy_to_gdrive - INFO - Copying com.plexapp.plugins.library.db-2024-10-20 to Google Drive...
2024-10-27 15:14:10,748 - shield_plex_dbbackup_2_gdrive.modes.copy_to_gdrive - INFO - Copying com.plexapp.plugins.library.blobs.db-2024-10-20 to Google Drive...
2024-10-27 15:14:10,748 - shield_plex_dbbackup_2_gdrive.modes.copy_to_gdrive - INFO - Copying com.plexapp.plugins.library.db-2024-10-26 to Google Drive...
2024-10-27 15:14:10,749 - shield_plex_dbbackup_2_gdrive.modes.copy_to_gdrive - INFO - Copying com.plexapp.plugins.library.blobs.db-2024-10-26 to Google Drive...
2024-10-27 15:14:10,749 - shield_plex_dbbackup_2_gdrive.modes.copy_to_gdrive - INFO - Copying com.plexapp.plugins.library.db-2024-10-17 to Google Drive...
2024-10-27 15:14:10,749 - shield_plex_dbbackup_2_gdrive.modes.copy_to_gdrive - INFO - Copying com.plexapp.plugins.library.blobs.db-2024-10-17 to Google Drive...
2024-10-27 15:14:10,749 - shield_plex_dbbackup_2_gdrive.modes.copy_to_gdrive - INFO - Copying com.plexapp.plugins.library.db-2024-10-23 to Google Drive...
2024-10-27 15:14:10,749 - shield_plex_dbbackup_2_gdrive.modes.copy_to_gdrive - INFO - Copying com.plexapp.plugins.library.blobs.db-2024-10-23 to Google Drive...
2024-10-27 15:14:10,846 - googleapiclient.discovery_cache - INFO - file_cache is only supported with oauth2client<4.0.0
2024-10-27 15:16:30,800 - shield_plex_dbbackup_2_gdrive.main - INFO - Starting Shield Plex DB Backup to Google Drive...
2024-10-27 15:16:30,805 - shield_plex_dbbackup_2_gdrive.modes.copy_to_gdrive - INFO - Copying backup files to Google Drive...
2024-10-27 15:16:30,893 - shield_plex_dbbackup_2_gdrive.modes.copy_to_gdrive - INFO - Copying com.plexapp.plugins.library.db-2024-10-20 to Google Drive...
2024-10-27 15:16:30,893 - shield_plex_dbbackup_2_gdrive.modes.copy_to_gdrive - INFO - Copying com.plexapp.plugins.library.blobs.db-2024-10-20 to Google Drive...
2024-10-27 15:16:30,893 - shield_plex_dbbackup_2_gdrive.modes.copy_to_gdrive - INFO - Copying com.plexapp.plugins.library.db-2024-10-26 to Google Drive...
2024-10-27 15:16:30,893 - shield_plex_dbbackup_2_gdrive.modes.copy_to_gdrive - INFO - Copying com.plexapp.plugins.library.blobs.db-2024-10-26 to Google Drive...
2024-10-27 15:16:30,893 - shield_plex_dbbackup_2_gdrive.modes.copy_to_gdrive - INFO - Copying com.plexapp.plugins.library.db-2024-10-17 to Google Drive...
2024-10-27 15:16:30,893 - shield_plex_dbbackup_2_gdrive.modes.copy_to_gdrive - INFO - Copying com.plexapp.plugins.library.blobs.db-2024-10-17 to Google Drive...
2024-10-27 15:16:30,894 - shield_plex_dbbackup_2_gdrive.modes.copy_to_gdrive - INFO - Copying com.plexapp.plugins.library.db-2024-10-23 to Google Drive...
2024-10-27 15:16:30,894 - shield_plex_dbbackup_2_gdrive.modes.copy_to_gdrive - INFO - Copying com.plexapp.plugins.library.blobs.db-2024-10-23 to Google Drive...
2024-10-27 15:16:30,991 - googleapiclient.discovery_cache - INFO - file_cache is only supported with oauth2client<4.0.0
2024-10-27 15:17:31,267 - shield_plex_dbbackup_2_gdrive.main - INFO - Starting Shield Plex DB Backup to Google Drive...
2024-10-27 15:17:31,270 - shield_plex_dbbackup_2_gdrive.modes.copy_to_gdrive - INFO - Copying backup files to Google Drive...
2024-10-27 15:17:31,361 - shield_plex_dbbackup_2_gdrive.modes.copy_to_gdrive - INFO - Copying com.plexapp.plugins.library.db-2024-10-20 to Google Drive...
2024-10-27 15:17:31,361 - shield_plex_dbbackup_2_gdrive.modes.copy_to_gdrive - INFO - Copying com.plexapp.plugins.library.blobs.db-2024-10-20 to Google Drive...
2024-10-27 15:17:31,361 - shield_plex_dbbackup_2_gdrive.modes.copy_to_gdrive - INFO - Copying com.plexapp.plugins.library.db-2024-10-26 to Google Drive...
2024-10-27 15:17:31,361 - shield_plex_dbbackup_2_gdrive.modes.copy_to_gdrive - INFO - Copying com.plexapp.plugins.library.blobs.db-2024-10-26 to Google Drive...
2024-10-27 15:17:31,362 - shield_plex_dbbackup_2_gdrive.modes.copy_to_gdrive - INFO - Copying com.plexapp.plugins.library.db-2024-10-17 to Google Drive...
2024-10-27 15:17:31,362 - shield_plex_dbbackup_2_gdrive.modes.copy_to_gdrive - INFO - Copying com.plexapp.plugins.library.blobs.db-2024-10-17 to Google Drive...
2024-10-27 15:17:31,362 - shield_plex_dbbackup_2_gdrive.modes.copy_to_gdrive - INFO - Copying com.plexapp.plugins.library.db-2024-10-23 to Google Drive...
2024-10-27 15:17:31,362 - shield_plex_dbbackup_2_gdrive.modes.copy_to_gdrive - INFO - Copying com.plexapp.plugins.library.blobs.db-2024-10-23 to Google Drive...
2024-10-27 15:17:31,468 - googleapiclient.discovery_cache - INFO - file_cache is only supported with oauth2client<4.0.0
2024-10-27 15:29:05,728 - shield_plex_dbbackup_2_gdrive.main - INFO - Starting Shield Plex DB Backup to Google Drive...
2024-10-27 15:29:05,730 - shield_plex_dbbackup_2_gdrive.modes.copy_to_gdrive - INFO - Copying backup files to Google Drive...
2024-10-27 15:29:06,302 - shield_plex_dbbackup_2_gdrive.modes.copy_to_gdrive - INFO - Copying com.plexapp.plugins.library.db-2024-10-20 to Google Drive...
2024-10-27 15:29:06,302 - shield_plex_dbbackup_2_gdrive.modes.copy_to_gdrive - INFO - Copying com.plexapp.plugins.library.blobs.db-2024-10-20 to Google Drive...
2024-10-27 15:29:06,303 - shield_plex_dbbackup_2_gdrive.modes.copy_to_gdrive - INFO - Copying com.plexapp.plugins.library.db-2024-10-26 to Google Drive...
2024-10-27 15:29:06,303 - shield_plex_dbbackup_2_gdrive.modes.copy_to_gdrive - INFO - Copying com.plexapp.plugins.library.blobs.db-2024-10-26 to Google Drive...
2024-10-27 15:29:06,303 - shield_plex_dbbackup_2_gdrive.modes.copy_to_gdrive - INFO - Copying com.plexapp.plugins.library.db-2024-10-17 to Google Drive...
2024-10-27 15:29:06,303 - shield_plex_dbbackup_2_gdrive.modes.copy_to_gdrive - INFO - Copying com.plexapp.plugins.library.blobs.db-2024-10-17 to Google Drive...
2024-10-27 15:29:06,304 - shield_plex_dbbackup_2_gdrive.modes.copy_to_gdrive - INFO - Copying com.plexapp.plugins.library.db-2024-10-23 to Google Drive...
2024-10-27 15:29:06,304 - shield_plex_dbbackup_2_gdrive.modes.copy_to_gdrive - INFO - Copying com.plexapp.plugins.library.blobs.db-2024-10-23 to Google Drive...
2024-10-27 15:29:06,424 - googleapiclient.discovery_cache - INFO - file_cache is only supported with oauth2client<4.0.0
2024-10-27 15:31:00,517 - shield_plex_dbbackup_2_gdrive.main - INFO - Starting Shield Plex DB Backup to Google Drive...
2024-10-27 15:31:00,519 - shield_plex_dbbackup_2_gdrive.modes.copy_to_gdrive - INFO - Copying backup files to Google Drive...
2024-10-27 15:31:00,870 - shield_plex_dbbackup_2_gdrive.modes.copy_to_gdrive - INFO - Copying com.plexapp.plugins.library.db-2024-10-20 to Google Drive...
2024-10-27 15:31:00,871 - shield_plex_dbbackup_2_gdrive.modes.copy_to_gdrive - INFO - Copying com.plexapp.plugins.library.blobs.db-2024-10-20 to Google Drive...
2024-10-27 15:31:00,871 - shield_plex_dbbackup_2_gdrive.modes.copy_to_gdrive - INFO - Copying com.plexapp.plugins.library.db-2024-10-26 to Google Drive...
2024-10-27 15:31:00,871 - shield_plex_dbbackup_2_gdrive.modes.copy_to_gdrive - INFO - Copying com.plexapp.plugins.library.blobs.db-2024-10-26 to Google Drive...
2024-10-27 15:31:00,871 - shield_plex_dbbackup_2_gdrive.modes.copy_to_gdrive - INFO - Copying com.plexapp.plugins.library.db-2024-10-17 to Google Drive...
2024-10-27 15:31:00,872 - shield_plex_dbbackup_2_gdrive.modes.copy_to_gdrive - INFO - Copying com.plexapp.plugins.library.blobs.db-2024-10-17 to Google Drive...
2024-10-27 15:31:00,872 - shield_plex_dbbackup_2_gdrive.modes.copy_to_gdrive - INFO - Copying com.plexapp.plugins.library.db-2024-10-23 to Google Drive...
2024-10-27 15:31:00,872 - shield_plex_dbbackup_2_gdrive.modes.copy_to_gdrive - INFO - Copying com.plexapp.plugins.library.blobs.db-2024-10-23 to Google Drive...
2024-10-27 15:31:00,981 - googleapiclient.discovery_cache - INFO - file_cache is only supported with oauth2client<4.0.0
2024-10-27 15:32:03,449 - shield_plex_dbbackup_2_gdrive.main - INFO - Starting Shield Plex DB Backup to Google Drive...
2024-10-27 15:32:03,451 - shield_plex_dbbackup_2_gdrive.modes.copy_to_gdrive - INFO - Copying backup files to Google Drive...
2024-10-27 15:32:03,611 - shield_plex_dbbackup_2_gdrive.modes.copy_to_gdrive - INFO - Copying com.plexapp.plugins.library.db-2024-10-20 to Google Drive...
2024-10-27 15:32:03,611 - shield_plex_dbbackup_2_gdrive.modes.copy_to_gdrive - INFO - Copying com.plexapp.plugins.library.blobs.db-2024-10-20 to Google Drive...
2024-10-27 15:32:03,612 - shield_plex_dbbackup_2_gdrive.modes.copy_to_gdrive - INFO - Copying com.plexapp.plugins.library.db-2024-10-26 to Google Drive...
2024-10-27 15:32:03,612 - shield_plex_dbbackup_2_gdrive.modes.copy_to_gdrive - INFO - Copying com.plexapp.plugins.library.blobs.db-2024-10-26 to Google Drive...
2024-10-27 15:32:03,612 - shield_plex_dbbackup_2_gdrive.modes.copy_to_gdrive - INFO - Copying com.plexapp.plugins.library.db-2024-10-17 to Google Drive...
2024-10-27 15:32:03,612 - shield_plex_dbbackup_2_gdrive.modes.copy_to_gdrive - INFO - Copying com.plexapp.plugins.library.blobs.db-2024-10-17 to Google Drive...
2024-10-27 15:32:03,612 - shield_plex_dbbackup_2_gdrive.modes.copy_to_gdrive - INFO - Copying com.plexapp.plugins.library.db-2024-10-23 to Google Drive...
2024-10-27 15:32:03,613 - shield_plex_dbbackup_2_gdrive.modes.copy_to_gdrive - INFO - Copying com.plexapp.plugins.library.blobs.db-2024-10-23 to Google Drive...
2024-10-27 15:32:03,718 - googleapiclient.discovery_cache - INFO - file_cache is only supported with oauth2client<4.0.0
2024-10-27 15:39:29,621 - shield_plex_dbbackup_2_gdrive.main - INFO - Starting Shield Plex DB Backup to Google Drive...
2024-10-27 15:39:29,623 - shield_plex_dbbackup_2_gdrive.modes.copy_to_gdrive - INFO - Copying backup files to Google Drive...
2024-10-27 15:39:30,163 - shield_plex_dbbackup_2_gdrive.modes.copy_to_gdrive - INFO - Copying com.plexapp.plugins.library.db-2024-10-20 to Google Drive...
2024-10-27 15:39:30,163 - shield_plex_dbbackup_2_gdrive.modes.copy_to_gdrive - INFO - Copying com.plexapp.plugins.library.blobs.db-2024-10-20 to Google Drive...
2024-10-27 15:39:30,163 - shield_plex_dbbackup_2_gdrive.modes.copy_to_gdrive - INFO - Copying com.plexapp.plugins.library.db-2024-10-26 to Google Drive...
2024-10-27 15:39:30,163 - shield_plex_dbbackup_2_gdrive.modes.copy_to_gdrive - INFO - Copying com.plexapp.plugins.library.blobs.db-2024-10-26 to Google Drive...
2024-10-27 15:39:30,163 - shield_plex_dbbackup_2_gdrive.modes.copy_to_gdrive - INFO - Copying com.plexapp.plugins.library.db-2024-10-17 to Google Drive...
2024-10-27 15:39:30,163 - shield_plex_dbbackup_2_gdrive.modes.copy_to_gdrive - INFO - Copying com.plexapp.plugins.library.blobs.db-2024-10-17 to Google Drive...
2024-10-27 15:39:30,163 - shield_plex_dbbackup_2_gdrive.modes.copy_to_gdrive - INFO - Copying com.plexapp.plugins.library.db-2024-10-23 to Google Drive...
2024-10-27 15:39:30,164 - shield_plex_dbbackup_2_gdrive.modes.copy_to_gdrive - INFO - Copying com.plexapp.plugins.library.blobs.db-2024-10-23 to Google Drive...
2024-10-27 15:39:41,300 - googleapiclient.discovery_cache - INFO - file_cache is only supported with oauth2client<4.0.0
2024-10-27 15:40:03,286 - shield_plex_dbbackup_2_gdrive.main - INFO - Starting Shield Plex DB Backup to Google Drive...
2024-10-27 15:40:03,288 - shield_plex_dbbackup_2_gdrive.modes.copy_to_gdrive - INFO - Copying backup files to Google Drive...
2024-10-27 15:40:03,561 - shield_plex_dbbackup_2_gdrive.modes.copy_to_gdrive - INFO - Copying com.plexapp.plugins.library.db-2024-10-20 to Google Drive...
2024-10-27 15:40:03,561 - shield_plex_dbbackup_2_gdrive.modes.copy_to_gdrive - INFO - Copying com.plexapp.plugins.library.blobs.db-2024-10-20 to Google Drive...
2024-10-27 15:40:03,561 - shield_plex_dbbackup_2_gdrive.modes.copy_to_gdrive - INFO - Copying com.plexapp.plugins.library.db-2024-10-26 to Google Drive...
2024-10-27 15:40:03,561 - shield_plex_dbbackup_2_gdrive.modes.copy_to_gdrive - INFO - Copying com.plexapp.plugins.library.blobs.db-2024-10-26 to Google Drive...
2024-10-27 15:40:03,561 - shield_plex_dbbackup_2_gdrive.modes.copy_to_gdrive - INFO - Copying com.plexapp.plugins.library.db-2024-10-17 to Google Drive...
2024-10-27 15:40:03,562 - shield_plex_dbbackup_2_gdrive.modes.copy_to_gdrive - INFO - Copying com.plexapp.plugins.library.blobs.db-2024-10-17 to Google Drive...
2024-10-27 15:40:03,562 - shield_plex_dbbackup_2_gdrive.modes.copy_to_gdrive - INFO - Copying com.plexapp.plugins.library.db-2024-10-23 to Google Drive...
2024-10-27 15:40:03,562 - shield_plex_dbbackup_2_gdrive.modes.copy_to_gdrive - INFO - Copying com.plexapp.plugins.library.blobs.db-2024-10-23 to Google Drive...
2024-10-27 15:40:03,658 - googleapiclient.discovery_cache - INFO - file_cache is only supported with oauth2client<4.0.0
2024-10-27 15:53:17,788 - shield_plex_dbbackup_2_gdrive.main - INFO - Starting Shield Plex DB Backup to Google Drive...
2024-10-27 15:53:17,790 - shield_plex_dbbackup_2_gdrive.modes.copy_to_gdrive - INFO - Copying backup files to Google Drive...
2024-10-27 15:53:18,182 - shield_plex_dbbackup_2_gdrive.modes.copy_to_gdrive - INFO - Copying com.plexapp.plugins.library.db-2024-10-20 to Google Drive...
2024-10-27 15:53:18,183 - shield_plex_dbbackup_2_gdrive.modes.copy_to_gdrive - INFO - Copying com.plexapp.plugins.library.blobs.db-2024-10-20 to Google Drive...
2024-10-27 15:53:18,183 - shield_plex_dbbackup_2_gdrive.modes.copy_to_gdrive - INFO - Copying com.plexapp.plugins.library.db-2024-10-26 to Google Drive...
2024-10-27 15:53:18,183 - shield_plex_dbbackup_2_gdrive.modes.copy_to_gdrive - INFO - Copying com.plexapp.plugins.library.blobs.db-2024-10-26 to Google Drive...
2024-10-27 15:53:18,183 - shield_plex_dbbackup_2_gdrive.modes.copy_to_gdrive - INFO - Copying com.plexapp.plugins.library.db-2024-10-17 to Google Drive...
2024-10-27 15:53:18,183 - shield_plex_dbbackup_2_gdrive.modes.copy_to_gdrive - INFO - Copying com.plexapp.plugins.library.blobs.db-2024-10-17 to Google Drive...
2024-10-27 15:53:18,184 - shield_plex_dbbackup_2_gdrive.modes.copy_to_gdrive - INFO - Copying com.plexapp.plugins.library.db-2024-10-23 to Google Drive...
2024-10-27 15:53:18,184 - shield_plex_dbbackup_2_gdrive.modes.copy_to_gdrive - INFO - Copying com.plexapp.plugins.library.blobs.db-2024-10-23 to Google Drive...
2024-10-27 15:53:18,289 - googleapiclient.discovery_cache - INFO - file_cache is only supported with oauth2client<4.0.0
2024-10-27 15:53:42,321 - shield_plex_dbbackup_2_gdrive.main - INFO - Starting Shield Plex DB Backup to Google Drive...
2024-10-27 15:53:42,323 - shield_plex_dbbackup_2_gdrive.modes.copy_to_gdrive - INFO - Copying backup files to Google Drive...
2024-10-27 15:53:42,536 - shield_plex_dbbackup_2_gdrive.modes.copy_to_gdrive - INFO - Copying com.plexapp.plugins.library.db-2024-10-20 to Google Drive...
2024-10-27 15:53:42,537 - shield_plex_dbbackup_2_gdrive.modes.copy_to_gdrive - INFO - Copying com.plexapp.plugins.library.blobs.db-2024-10-20 to Google Drive...
2024-10-27 15:53:42,537 - shield_plex_dbbackup_2_gdrive.modes.copy_to_gdrive - INFO - Copying com.plexapp.plugins.library.db-2024-10-26 to Google Drive...
2024-10-27 15:53:42,537 - shield_plex_dbbackup_2_gdrive.modes.copy_to_gdrive - INFO - Copying com.plexapp.plugins.library.blobs.db-2024-10-26 to Google Drive...
2024-10-27 15:53:42,537 - shield_plex_dbbackup_2_gdrive.modes.copy_to_gdrive - INFO - Copying com.plexapp.plugins.library.db-2024-10-17 to Google Drive...
2024-10-27 15:53:42,537 - shield_plex_dbbackup_2_gdrive.modes.copy_to_gdrive - INFO - Copying com.plexapp.plugins.library.blobs.db-2024-10-17 to Google Drive...
2024-10-27 15:53:42,537 - shield_plex_dbbackup_2_gdrive.modes.copy_to_gdrive - INFO - Copying com.plexapp.plugins.library.db-2024-10-23 to Google Drive...
2024-10-27 15:53:42,537 - shield_plex_dbbackup_2_gdrive.modes.copy_to_gdrive - INFO - Copying com.plexapp.plugins.library.blobs.db-2024-10-23 to Google Drive...
2024-10-27 15:53:42,652 - googleapiclient.discovery_cache - INFO - file_cache is only supported with oauth2client<4.0.0
2024-10-28 19:21:52,218 - shield_plex_dbbackup_2_gdrive.main - INFO - Starting Shield Plex DB Backup to Google Drive...
2024-10-28 19:22:10,769 - shield_plex_dbbackup_2_gdrive.main - INFO - Starting Shield Plex DB Backup to Google Drive...
2024-10-28 19:22:10,772 - shield_plex_dbbackup_2_gdrive.modes.copy_to_gdrive - INFO - Copying backup files to Google Drive...
2024-10-28 19:22:11,194 - shield_plex_dbbackup_2_gdrive.modes.copy_to_gdrive - INFO - Copying com.plexapp.plugins.library.db-2024-10-20 to Google Drive...
2024-10-28 19:22:11,194 - shield_plex_dbbackup_2_gdrive.modes.copy_to_gdrive - INFO - Copying com.plexapp.plugins.library.blobs.db-2024-10-20 to Google Drive...
2024-10-28 19:22:11,194 - shield_plex_dbbackup_2_gdrive.modes.copy_to_gdrive - INFO - Copying com.plexapp.plugins.library.db-2024-10-26 to Google Drive...
2024-10-28 19:22:11,194 - shield_plex_dbbackup_2_gdrive.modes.copy_to_gdrive - INFO - Copying com.plexapp.plugins.library.blobs.db-2024-10-26 to Google Drive...
2024-10-28 19:22:11,195 - shield_plex_dbbackup_2_gdrive.modes.copy_to_gdrive - INFO - Copying com.plexapp.plugins.library.db-2024-10-17 to Google Drive...
2024-10-28 19:22:11,195 - shield_plex_dbbackup_2_gdrive.modes.copy_to_gdrive - INFO - Copying com.plexapp.plugins.library.blobs.db-2024-10-17 to Google Drive...
2024-10-28 19:22:11,195 - shield_plex_dbbackup_2_gdrive.modes.copy_to_gdrive - INFO - Copying com.plexapp.plugins.library.db-2024-10-23 to Google Drive...
2024-10-28 19:22:11,195 - shield_plex_dbbackup_2_gdrive.modes.copy_to_gdrive - INFO - Copying com.plexapp.plugins.library.blobs.db-2024-10-23 to Google Drive...
2024-10-28 19:22:11,234 - googleapiclient.discovery_cache - INFO - file_cache is only supported with oauth2client<4.0.0
